<?xml version="1.0" encoding="UTF-8"?>
<Site BuildName="(empty)"
	BuildStamp="20240705-1105-Experimental"
	Name="linhao-Legion-R9000P-ARX8"
	Generator="ctest-3.22.1"
	CompilerName="/usr/lib/ccache/c++"
	CompilerVersion="11.4.0"
	OSName="Linux"
	Hostname="linhao-Legion-R9000P-ARX8"
	OSRelease="6.5.0-35-generic"
	OSVersion="#35~22.04.1-Ubuntu SMP PREEMPT_DYNAMIC Tue May  7 09:00:52 UTC 2"
	OSPlatform="x86_64"
	Is64Bits="1"
	VendorString="AuthenticAMD"
	VendorID="Advanced Micro Devices"
	FamilyID="25"
	ModelID="97"
	ProcessorCacheSize="1024"
	NumberOfLogicalCPU="32"
	NumberOfPhysicalCPU="16"
	TotalVirtualMemory="2047"
	TotalPhysicalMemory="15657"
	LogicalProcessorsPerPhysical="2"
	ProcessorClockFrequency="3811.12"
	>
	<Testing>
		<StartDateTime>Jul 05 19:05 CST</StartDateTime>
		<StartTestTime>1720177506</StartTestTime>
		<TestList/>
		<EndDateTime>Jul 05 19:05 CST</EndDateTime>
		<EndTestTime>1720177506</EndTestTime>
		<ElapsedMinutes>0</ElapsedMinutes>
	</Testing>
</Site>
